D:\era_monitor\monitorsystem\src\ERAMonitor.API\Controllers\HostsController.cs(7,22): error CS0234: The type or namespace name 'Extensions' does not exist in the namespace 'ERAMonitor.API' (are you missing an assembly reference?) [D:\era_monitor\monitorsystem\src\ERAMonitor.API\ERAMonitor.API.csproj]
D:\era_monitor\monitorsystem\src\ERAMonitor.API\Controllers\ServicesController.cs(7,22): error CS0234: The type or namespace name 'Extensions' does not exist in the namespace 'ERAMonitor.API' (are you missing an assembly reference?) [D:\era_monitor\monitorsystem\src\ERAMonitor.API\ERAMonitor.API.csproj]
D:\era_monitor\monitorsystem\src\ERAMonitor.API\Controllers\AuthController.cs(29,58): error CS0246: The type or namespace name 'LoginRequest' could not be found (are you missing a using directive or an assembly reference?) [D:\era_monitor\monitorsystem\src\ERAMonitor.API\ERAMonitor.API.csproj]
D:\era_monitor\monitorsystem\src\ERAMonitor.API\Controllers\AuthController.cs(29,36): error CS0246: The type or namespace name 'LoginResponse' could not be found (are you missing a using directive or an assembly reference?) [D:\era_monitor\monitorsystem\src\ERAMonitor.API\ERAMonitor.API.csproj]
D:\era_monitor\monitorsystem\src\ERAMonitor.API\Controllers\AuthController.cs(80,55): error CS0246: The type or namespace name 'RegisterRequest' could not be found (are you missing a using directive or an assembly reference?) [D:\era_monitor\monitorsystem\src\ERAMonitor.API\ERAMonitor.API.csproj]
D:\era_monitor\monitorsystem\src\ERAMonitor.API\Controllers\AuthController.cs(80,36): error CS0246: The type or namespace name 'UserDto' could not be found (are you missing a using directive or an assembly reference?) [D:\era_monitor\monitorsystem\src\ERAMonitor.API\ERAMonitor.API.csproj]
D:\era_monitor\monitorsystem\src\ERAMonitor.API\Controllers\AuthController.cs(133,65): error CS0246: The type or namespace name 'RefreshTokenRequest' could not be found (are you missing a using directive or an assembly reference?) [D:\era_monitor\monitorsystem\src\ERAMonitor.API\ERAMonitor.API.csproj]
D:\era_monitor\monitorsystem\src\ERAMonitor.API\Controllers\AuthController.cs(133,36): error CS0246: The type or namespace name 'LoginResponse' could not be found (are you missing a using directive or an assembly reference?) [D:\era_monitor\monitorsystem\src\ERAMonitor.API\ERAMonitor.API.csproj]
D:\era_monitor\monitorsystem\src\ERAMonitor.API\Controllers\UsersController.cs(27,48): error CS0246: The type or namespace name 'UserDto' could not be found (are you missing a using directive or an assembly reference?) [D:\era_monitor\monitorsystem\src\ERAMonitor.API\ERAMonitor.API.csproj]
D:\era_monitor\monitorsystem\src\ERAMonitor.API\Controllers\AuthController.cs(194,36): error CS0246: The type or namespace name 'UserDto' could not be found (are you missing a using directive or an assembly reference?) [D:\era_monitor\monitorsystem\src\ERAMonitor.API\ERAMonitor.API.csproj]
D:\era_monitor\monitorsystem\src\ERAMonitor.API\Controllers\UsersController.cs(45,36): error CS0246: The type or namespace name 'UserDto' could not be found (are you missing a using directive or an assembly reference?) [D:\era_monitor\monitorsystem\src\ERAMonitor.API\ERAMonitor.API.csproj]
D:\era_monitor\monitorsystem\src\ERAMonitor.API\Controllers\UsersController.cs(66,57): error CS0246: The type or namespace name 'RegisterRequest' could not be found (are you missing a using directive or an assembly reference?) [D:\era_monitor\monitorsystem\src\ERAMonitor.API\ERAMonitor.API.csproj]
D:\era_monitor\monitorsystem\src\ERAMonitor.API\Controllers\UsersController.cs(66,36): error CS0246: The type or namespace name 'UserDto' could not be found (are you missing a using directive or an assembly reference?) [D:\era_monitor\monitorsystem\src\ERAMonitor.API\ERAMonitor.API.csproj]
D:\era_monitor\monitorsystem\src\ERAMonitor.API\Controllers\UsersController.cs(100,58): error CS0246: The type or namespace name 'UserDto' could not be found (are you missing a using directive or an assembly reference?) [D:\era_monitor\monitorsystem\src\ERAMonitor.API\ERAMonitor.API.csproj]

Build FAILED.
    2 Warning(s)
    14 Error(s)

Time Elapsed 00:00:01.83
