D:\era_monitor\monitorsystem\src\ERAMonitor.Infrastructure\Repositories\ServiceRepository.cs(81,86): error CS1061: 'Service' does not contain a definition for 'UptimeSeconds' and no accessible extension method 'UptimeSeconds' accepting a first argument of type 'Service' could be found (are you missing a using directive or an assembly reference?) [D:\era_monitor\monitorsystem\src\ERAMonitor.Infrastructure\ERAMonitor.Infrastructure.csproj]
D:\era_monitor\monitorsystem\src\ERAMonitor.Infrastructure\Repositories\ServiceRepository.cs(81,124): error CS1061: 'Service' does not contain a definition for 'UptimeSeconds' and no accessible extension method 'UptimeSeconds' accepting a first argument of type 'Service' could be found (are you missing a using directive or an assembly reference?) [D:\era_monitor\monitorsystem\src\ERAMonitor.Infrastructure\ERAMonitor.Infrastructure.csproj]
D:\era_monitor\monitorsystem\src\ERAMonitor.Infrastructure\Repositories\ServiceRepository.cs(82,88): error CS1061: 'Service' does not contain a definition for 'LastCheckTime' and no accessible extension method 'LastCheckTime' accepting a first argument of type 'Service' could be found (are you missing a using directive or an assembly reference?) [D:\era_monitor\monitorsystem\src\ERAMonitor.Infrastructure\ERAMonitor.Infrastructure.csproj]
D:\era_monitor\monitorsystem\src\ERAMonitor.Infrastructure\Repositories\ServiceRepository.cs(82,126): error CS1061: 'Service' does not contain a definition for 'LastCheckTime' and no accessible extension method 'LastCheckTime' accepting a first argument of type 'Service' could be found (are you missing a using directive or an assembly reference?) [D:\era_monitor\monitorsystem\src\ERAMonitor.Infrastructure\ERAMonitor.Infrastructure.csproj]

Build FAILED.
    2 Warning(s)
    4 Error(s)

Time Elapsed 00:00:02.09
