D:\era_monitor\monitorsystem\src\ERAMonitor.API\Controllers\UsersController.cs(39,17): error CS0117: 'UserDto' does not contain a definition for 'OrganizationId' [D:\era_monitor\monitorsystem\src\ERAMonitor.API\ERAMonitor.API.csproj]
D:\era_monitor\monitorsystem\src\ERAMonitor.API\Controllers\UsersController.cs(63,13): error CS0117: 'UserDto' does not contain a definition for 'OrganizationId' [D:\era_monitor\monitorsystem\src\ERAMonitor.API\ERAMonitor.API.csproj]
D:\era_monitor\monitorsystem\src\ERAMonitor.API\Controllers\AuditLogsController.cs(62,22): error CS0029: Cannot implicitly convert type 'System.Guid' to 'long' [D:\era_monitor\monitorsystem\src\ERAMonitor.API\ERAMonitor.API.csproj]
D:\era_monitor\monitorsystem\src\ERAMonitor.API\Controllers\AuthController.cs(54,13): error CS0117: 'UserSession' does not contain a definition for 'TokenHash' [D:\era_monitor\monitorsystem\src\ERAMonitor.API\ERAMonitor.API.csproj]
D:\era_monitor\monitorsystem\src\ERAMonitor.API\Controllers\AuthController.cs(57,13): error CS0117: 'UserSession' does not contain a definition for 'DeviceInfo' [D:\era_monitor\monitorsystem\src\ERAMonitor.API\ERAMonitor.API.csproj]
D:\era_monitor\monitorsystem\src\ERAMonitor.API\Controllers\AuthController.cs(75,17): error CS0117: 'UserDto' does not contain a definition for 'OrganizationId' [D:\era_monitor\monitorsystem\src\ERAMonitor.API\ERAMonitor.API.csproj]
D:\era_monitor\monitorsystem\src\ERAMonitor.API\Controllers\UsersController.cs(97,13): error CS0117: 'UserDto' does not contain a definition for 'OrganizationId' [D:\era_monitor\monitorsystem\src\ERAMonitor.API\ERAMonitor.API.csproj]
D:\era_monitor\monitorsystem\src\ERAMonitor.API\Controllers\AuthController.cs(130,13): error CS0117: 'UserDto' does not contain a definition for 'OrganizationId' [D:\era_monitor\monitorsystem\src\ERAMonitor.API\ERAMonitor.API.csproj]
D:\era_monitor\monitorsystem\src\ERAMonitor.API\Controllers\UserPreferencesController.cs(41,32): error CS1061: 'User' does not contain a definition for 'PhoneNumber' and no accessible extension method 'PhoneNumber' accepting a first argument of type 'User' could be found (are you missing a using directive or an assembly reference?) [D:\era_monitor\monitorsystem\src\ERAMonitor.API\ERAMonitor.API.csproj]
D:\era_monitor\monitorsystem\src\ERAMonitor.API\Controllers\UserPreferencesController.cs(42,26): error CS1061: 'User' does not contain a definition for 'Theme' and no accessible extension method 'Theme' accepting a first argument of type 'User' could be found (are you missing a using directive or an assembly reference?) [D:\era_monitor\monitorsystem\src\ERAMonitor.API\ERAMonitor.API.csproj]
D:\era_monitor\monitorsystem\src\ERAMonitor.API\Controllers\UserPreferencesController.cs(55,51): error CS1061: 'User' does not contain a definition for 'PhoneNumber' and no accessible extension method 'PhoneNumber' accepting a first argument of type 'User' could be found (are you missing a using directive or an assembly reference?) [D:\era_monitor\monitorsystem\src\ERAMonitor.API\ERAMonitor.API.csproj]
D:\era_monitor\monitorsystem\src\ERAMonitor.API\Controllers\UserPreferencesController.cs(55,69): error CS1061: 'User' does not contain a definition for 'Theme' and no accessible extension method 'Theme' accepting a first argument of type 'User' could be found (are you missing a using directive or an assembly reference?) [D:\era_monitor\monitorsystem\src\ERAMonitor.API\ERAMonitor.API.csproj]
D:\era_monitor\monitorsystem\src\ERAMonitor.API\Controllers\UserPreferencesController.cs(59,14): error CS1061: 'User' does not contain a definition for 'PhoneNumber' and no accessible extension method 'PhoneNumber' accepting a first argument of type 'User' could be found (are you missing a using directive or an assembly reference?) [D:\era_monitor\monitorsystem\src\ERAMonitor.API\ERAMonitor.API.csproj]
D:\era_monitor\monitorsystem\src\ERAMonitor.API\Controllers\UserPreferencesController.cs(60,14): error CS1061: 'User' does not contain a definition for 'Theme' and no accessible extension method 'Theme' accepting a first argument of type 'User' could be found (are you missing a using directive or an assembly reference?) [D:\era_monitor\monitorsystem\src\ERAMonitor.API\ERAMonitor.API.csproj]
D:\era_monitor\monitorsystem\src\ERAMonitor.API\Controllers\UserPreferencesController.cs(72,32): error CS1061: 'User' does not contain a definition for 'PhoneNumber' and no accessible extension method 'PhoneNumber' accepting a first argument of type 'User' could be found (are you missing a using directive or an assembly reference?) [D:\era_monitor\monitorsystem\src\ERAMonitor.API\ERAMonitor.API.csproj]
D:\era_monitor\monitorsystem\src\ERAMonitor.API\Controllers\UserPreferencesController.cs(73,26): error CS1061: 'User' does not contain a definition for 'Theme' and no accessible extension method 'Theme' accepting a first argument of type 'User' could be found (are you missing a using directive or an assembly reference?) [D:\era_monitor\monitorsystem\src\ERAMonitor.API\ERAMonitor.API.csproj]
D:\era_monitor\monitorsystem\src\ERAMonitor.API\Controllers\AuthController.cs(137,76): error CS1061: 'RefreshTokenRequest' does not contain a definition for 'AccessToken' and no accessible extension method 'AccessToken' accepting a first argument of type 'RefreshTokenRequest' could be found (are you missing a using directive or an assembly reference?) [D:\era_monitor\monitorsystem\src\ERAMonitor.API\ERAMonitor.API.csproj]
D:\era_monitor\monitorsystem\src\ERAMonitor.API\Controllers\AuthController.cs(144,63): error CS1061: 'UserSession' does not contain a definition for 'TokenHash' and no accessible extension method 'TokenHash' accepting a first argument of type 'UserSession' could be found (are you missing a using directive or an assembly reference?) [D:\era_monitor\monitorsystem\src\ERAMonitor.API\ERAMonitor.API.csproj]
D:\era_monitor\monitorsystem\src\ERAMonitor.API\Controllers\AuthController.cs(172,17): error CS0117: 'UserDto' does not contain a definition for 'OrganizationId' [D:\era_monitor\monitorsystem\src\ERAMonitor.API\ERAMonitor.API.csproj]
D:\era_monitor\monitorsystem\src\ERAMonitor.API\Controllers\AuthController.cs(183,63): error CS1061: 'UserSession' does not contain a definition for 'TokenHash' and no accessible extension method 'TokenHash' accepting a first argument of type 'UserSession' could be found (are you missing a using directive or an assembly reference?) [D:\era_monitor\monitorsystem\src\ERAMonitor.API\ERAMonitor.API.csproj]
D:\era_monitor\monitorsystem\src\ERAMonitor.API\Controllers\AuthController.cs(210,13): error CS0117: 'UserDto' does not contain a definition for 'OrganizationId' [D:\era_monitor\monitorsystem\src\ERAMonitor.API\ERAMonitor.API.csproj]
D:\era_monitor\monitorsystem\src\ERAMonitor.API\Controllers\ChecksController.cs(231,39): error CS1061: 'CheckResult' does not contain a definition for 'CheckedAt' and no accessible extension method 'CheckedAt' accepting a first argument of type 'CheckResult' could be found (are you missing a using directive or an assembly reference?) [D:\era_monitor\monitorsystem\src\ERAMonitor.API\ERAMonitor.API.csproj]
D:\era_monitor\monitorsystem\src\ERAMonitor.API\Program.cs(85,28): error CS0104: 'ITokenService' is an ambiguous reference between 'ERAMonitor.Core.Interfaces.ITokenService' and 'ERAMonitor.Core.Interfaces.Services.ITokenService' [D:\era_monitor\monitorsystem\src\ERAMonitor.API\ERAMonitor.API.csproj]
D:\era_monitor\monitorsystem\src\ERAMonitor.API\Program.cs(85,18): error CS0311: The type 'ERAMonitor.Infrastructure.Services.TokenService' cannot be used as type parameter 'TImplementation' in the generic type or method 'ServiceCollectionServiceExtensions.AddScoped<TService, TImplementation>(IServiceCollection)'. There is no implicit reference conversion from 'ERAMonitor.Infrastructure.Services.TokenService' to 'ERAMonitor.Core.Interfaces.ITokenService'. [D:\era_monitor\monitorsystem\src\ERAMonitor.API\ERAMonitor.API.csproj]
D:\era_monitor\monitorsystem\src\ERAMonitor.API\Program.cs(87,28): error CS0104: 'IEmailService' is an ambiguous reference between 'ERAMonitor.Core.Interfaces.IEmailService' and 'ERAMonitor.Core.Interfaces.Services.IEmailService' [D:\era_monitor\monitorsystem\src\ERAMonitor.API\ERAMonitor.API.csproj]
D:\era_monitor\monitorsystem\src\ERAMonitor.API\Program.cs(87,18): error CS0311: The type 'ERAMonitor.Infrastructure.Services.EmailService' cannot be used as type parameter 'TImplementation' in the generic type or method 'ServiceCollectionServiceExtensions.AddScoped<TService, TImplementation>(IServiceCollection)'. There is no implicit reference conversion from 'ERAMonitor.Infrastructure.Services.EmailService' to 'ERAMonitor.Core.Interfaces.IEmailService'. [D:\era_monitor\monitorsystem\src\ERAMonitor.API\ERAMonitor.API.csproj]
D:\era_monitor\monitorsystem\src\ERAMonitor.API\Program.cs(107,45): error CS0246: The type or namespace name 'HostRepository' could not be found (are you missing a using directive or an assembly reference?) [D:\era_monitor\monitorsystem\src\ERAMonitor.API\ERAMonitor.API.csproj]
D:\era_monitor\monitorsystem\src\ERAMonitor.API\Program.cs(108,51): error CS0246: The type or namespace name 'HostMetricRepository' could not be found (are you missing a using directive or an assembly reference?) [D:\era_monitor\monitorsystem\src\ERAMonitor.API\ERAMonitor.API.csproj]
D:\era_monitor\monitorsystem\src\ERAMonitor.API\Program.cs(109,49): error CS0246: The type or namespace name 'HostDiskRepository' could not be found (are you missing a using directive or an assembly reference?) [D:\era_monitor\monitorsystem\src\ERAMonitor.API\ERAMonitor.API.csproj]
D:\era_monitor\monitorsystem\src\ERAMonitor.API\Program.cs(110,48): error CS0246: The type or namespace name 'ServiceRepository' could not be found (are you missing a using directive or an assembly reference?) [D:\era_monitor\monitorsystem\src\ERAMonitor.API\ERAMonitor.API.csproj]
D:\era_monitor\monitorsystem\src\ERAMonitor.API\Program.cs(111,61): error CS0246: The type or namespace name 'ServiceStatusHistoryRepository' could not be found (are you missing a using directive or an assembly reference?) [D:\era_monitor\monitorsystem\src\ERAMonitor.API\ERAMonitor.API.csproj]

Build FAILED.
    11 Warning(s)
    31 Error(s)

Time Elapsed 00:00:02.16
